<?xml version="1.0" encoding="UTF-8"?>
<!-- Generated by org.testng.reporters.JUnitReportReporter -->
<testsuite hostname="LAPTOP-LDTPQ8CD" failures="0" tests="2" name="testcases.LoginTest" time="6.744" errors="0" timestamp="2022-03-20T12:59:54 IST" skipped="0">
  <testcase classname="testcases.LoginTest" name="LoginFailiureTest" time="4.088"/>
  <system-out/>
  <testcase classname="testcases.LoginTest" name="LoginSucessTest" time="2.656"/>
  <system-out/>
</testsuite> <!-- testcases.LoginTest -->
